--- Startup times for process: Primary/TUI ---

times in msec
 clock   self+sourced   self:  sourced script
 clock   elapsed:              other lines

000.000  000.000: --- NVIM STARTING ---
000.145  000.144: event init
000.213  000.069: early init
000.344  000.131: locale set
000.378  000.034: init first window
000.601  000.222: inits 1
000.605  000.004: window checked
000.637  000.032: parsing arguments
000.947  000.023  000.023: require('vim.shared')
000.998  000.024  000.024: require('vim.inspect')
001.027  000.021  000.021: require('vim._options')
001.028  000.078  000.034: require('vim._editor')
001.029  000.132  000.031: require('vim._init_packages')
001.030  000.260: init lua interpreter
001.377  000.348: --- NVIM STARTED ---

--- Startup times for process: Embedded ---

times in msec
 clock   self+sourced   self:  sourced script
 clock   elapsed:              other lines

000.000  000.000: --- NVIM STARTING ---
000.113  000.113: event init
000.167  000.054: early init
000.297  000.131: locale set
000.320  000.023: init first window
000.493  000.173: inits 1
000.501  000.008: window checked
000.524  000.024: parsing arguments
000.825  000.021  000.021: require('vim.shared')
000.872  000.023  000.023: require('vim.inspect')
000.908  000.022  000.022: require('vim._options')
000.909  000.082  000.037: require('vim._editor')
000.910  000.140  000.037: require('vim._init_packages')
000.911  000.246: init lua interpreter
000.951  000.040: expanding arguments
000.971  000.020: inits 2
001.155  000.184: init highlight
001.156  000.001: waiting for UI
001.262  000.107: done waiting for UI
001.272  000.010: clear screen
001.312  000.003  000.003: require('vim.keymap')
001.906  000.306  000.306: require('vim.termcap')
001.950  000.034  000.034: require('vim.text')
002.025  000.752  000.409: require('vim._defaults')
002.027  000.003: init default mappings & autocommands
002.085  000.038  000.038: sourcing /usr/share/nvim/runtime/ftplugin.vim
002.125  000.019  000.019: sourcing /usr/share/nvim/runtime/indent.vim
002.349  000.180  000.180: require('railey.core.options')
002.653  000.303  000.303: require('railey.core.keymaps')
002.981  000.266  000.266: require('lazy')
002.996  000.007  000.007: require('ffi')
003.017  000.009  000.009: require('vim.fs')
003.083  000.064  000.064: require('vim.uri')
003.092  000.095  000.022: require('vim.loader')
003.195  000.090  000.090: require('lazy.stats')
003.268  000.058  000.058: require('lazy.core.util')
003.330  000.061  000.061: require('lazy.core.config')
003.456  000.068  000.068: require('lazy.core.handler')
003.752  000.173  000.173: require('lazy.pkg')
003.757  000.235  000.063: require('lazy.core.meta')
003.761  000.304  000.068: require('lazy.core.plugin')
003.765  000.434  000.062: require('lazy.core.loader')
003.891  000.035  000.035: require('lazy.core.fragments')
005.304  000.089  000.089: require('lazy.core.handler.event')
005.307  000.149  000.061: require('lazy.core.handler.ft')
005.349  000.040  000.040: require('lazy.core.handler.cmd')
005.413  000.060  000.060: require('lazy.core.handler.keys')
005.739  000.136  000.136: sourcing /usr/share/nvim/runtime/filetype.lua
006.112  000.331  000.331: require('tip')
008.671  001.910  001.910: sourcing /home/railey/.local/share/nvim/lazy/onehalf/vim/colors/onehalfdark.vim
008.937  000.024  000.024: sourcing /home/railey/.local/share/nvim/lazy/vim-airline-themes/plugin/airline-themes.vim
009.249  000.055  000.055: sourcing /home/railey/.local/share/nvim/lazy/vim-airline/autoload/airline/init.vim
009.771  000.319  000.319: sourcing /home/railey/.local/share/nvim/lazy/vim-airline/autoload/airline/parts.vim
009.897  000.008  000.008: sourcing /home/railey/.local/share/nvim/lazy/vim-airline/autoload/airline/formatter/short_path.vim
010.609  000.088  000.088: sourcing /home/railey/.local/share/nvim/lazy/vim-airline/autoload/airline/util.vim
010.662  001.674  001.204: sourcing /home/railey/.local/share/nvim/lazy/vim-airline/plugin/airline.vim
011.108  000.123  000.123: require('vim.ui')
011.111  000.166  000.043: require('dressing.patch')
011.113  000.328  000.162: require('dressing')
011.121  000.377  000.049: sourcing /home/railey/.local/share/nvim/lazy/dressing.nvim/plugin/dressing.lua
011.248  000.106  000.106: require('dressing.config')
012.095  000.661  000.661: sourcing /home/railey/.local/share/nvim/lazy/vim-fugitive/plugin/fugitive.vim
012.196  000.009  000.009: sourcing /home/railey/.local/share/nvim/lazy/vim-fugitive/ftdetect/fugitive.vim
012.469  000.019  000.019: sourcing /home/railey/.local/share/nvim/lazy/nvim-web-devicons/plugin/nvim-web-devicons.vim
012.993  000.023  000.023: require('nvim-tree.notify')
012.997  000.053  000.030: require('nvim-tree.events')
013.085  000.027  000.027: require('nvim-tree.log')
013.193  000.056  000.056: require('nvim-tree.iterators.node-iterator')
013.206  000.120  000.063: require('nvim-tree.utils')
013.241  000.034  000.034: require('nvim-tree.git.utils')
013.284  000.042  000.042: require('nvim-tree.git.runner')
013.341  000.055  000.055: require('nvim-tree.watcher')
013.386  000.043  000.043: require('nvim-tree.explorer.node')
013.391  000.362  000.041: require('nvim-tree.git')
013.437  000.045  000.045: require('nvim-tree.explorer.watch')
013.513  000.036  000.036: require('nvim-tree.enum')
013.516  000.078  000.042: require('nvim-tree.explorer.filters')
013.612  000.095  000.095: require('nvim-tree.marks')
013.811  000.153  000.153: require('nvim-tree.view')
013.814  000.201  000.047: require('nvim-tree.explorer.live-filter')
013.887  000.073  000.073: require('nvim-tree.explorer.sorters')
014.000  000.060  000.060: require('nvim-tree.explorer.node-builders')
014.003  000.114  000.054: require('nvim-tree.explorer.explore')
014.116  000.112  000.112: require('nvim-tree.explorer.reload')
014.123  001.125  000.045: require('nvim-tree.explorer')
014.125  001.222  000.044: require('nvim-tree.core')
014.191  000.065  000.065: require('nvim-tree.renderer.components.padding')
014.222  000.030  000.030: require('nvim-tree.renderer.components.icons')
014.250  000.026  000.026: require('nvim-tree.renderer.components.full-name')
014.333  000.025  000.025: require('nvim-tree.renderer.decorator')
014.335  000.050  000.025: require('nvim-tree.renderer.decorator.bookmarks')
014.357  000.022  000.022: require('nvim-tree.renderer.decorator.copied')
014.379  000.021  000.021: require('nvim-tree.renderer.decorator.cut')
014.427  000.025  000.025: require('nvim-tree.diagnostics')
014.586  000.003  000.003: require('vim.F')
014.609  000.180  000.177: require('vim.diagnostic')
014.612  000.231  000.026: require('nvim-tree.renderer.decorator.diagnostics')
014.647  000.035  000.035: require('nvim-tree.renderer.decorator.git')
014.690  000.019  000.019: require('nvim-tree.buffers')
014.692  000.044  000.025: require('nvim-tree.renderer.decorator.modified')
014.714  000.021  000.021: require('nvim-tree.renderer.decorator.hidden')
014.770  000.055  000.055: require('nvim-tree.renderer.decorator.opened')
014.775  000.524  000.046: require('nvim-tree.renderer.builder')
014.778  001.904  000.038: require('nvim-tree.renderer')
014.784  001.981  000.077: require('nvim-tree.lib')
014.832  000.047  000.047: require('nvim-tree.appearance')
014.989  000.032  000.032: require('nvim-tree.actions.finders.find-file')
015.033  000.042  000.042: require('nvim-tree.actions.finders.search-node')
015.035  000.109  000.035: require('nvim-tree.actions.finders')
015.166  000.026  000.026: require('nvim-tree.actions.reloaders')
015.172  000.082  000.055: require('nvim-tree.actions.fs.copy-paste')
015.201  000.028  000.028: require('nvim-tree.actions.fs.create-file')
015.233  000.030  000.030: require('nvim-tree.actions.fs.remove-file')
015.291  000.057  000.057: require('nvim-tree.actions.fs.rename-file')
015.338  000.046  000.046: require('nvim-tree.actions.fs.trash')
015.341  000.306  000.063: require('nvim-tree.actions.fs')
015.445  000.048  000.048: require('nvim-tree.actions.moves.item')
015.476  000.030  000.030: require('nvim-tree.actions.moves.parent')
015.509  000.031  000.031: require('nvim-tree.actions.moves.sibling')
015.510  000.169  000.060: require('nvim-tree.actions.moves')
015.592  000.050  000.050: require('nvim-tree.actions.node.file-popup')
015.660  000.067  000.067: require('nvim-tree.actions.node.open-file')
015.696  000.034  000.034: require('nvim-tree.actions.node.run-command')
015.732  000.035  000.035: require('nvim-tree.actions.node.system-open')
015.735  000.223  000.037: require('nvim-tree.actions.node')
015.806  000.039  000.039: require('nvim-tree.actions.root.change-dir')
015.835  000.027  000.027: require('nvim-tree.actions.root.dir-up')
015.836  000.101  000.035: require('nvim-tree.actions.root')
015.908  000.034  000.034: require('nvim-tree.actions.tree.find-file')
015.975  000.032  000.032: require('nvim-tree.actions.tree.modifiers.collapse-all')
016.046  000.043  000.043: require('nvim-tree.actions.tree.modifiers.expand-all')
016.086  000.039  000.039: require('nvim-tree.actions.tree.modifiers.toggles')
016.088  000.179  000.065: require('nvim-tree.actions.tree.modifiers')
016.120  000.031  000.031: require('nvim-tree.actions.tree.open')
016.160  000.038  000.038: require('nvim-tree.actions.tree.toggle')
016.192  000.031  000.031: require('nvim-tree.actions.tree.resize')
016.193  000.356  000.044: require('nvim-tree.actions.tree')
016.194  001.306  000.043: require('nvim-tree.actions')
016.256  000.060  000.060: require('nvim-tree.appearance.diagnostics')
016.441  000.115  000.115: require('nvim-tree.keymap')
016.467  000.210  000.095: require('nvim-tree.help')
016.540  000.072  000.072: require('nvim-tree.marks.navigation')
016.580  000.039  000.039: require('nvim-tree.marks.bulk-delete')
016.622  000.040  000.040: require('nvim-tree.marks.bulk-trash')
016.646  000.023  000.023: require('nvim-tree.marks.bulk-move')
016.666  001.809  000.059: require('nvim-tree.api')
016.669  001.836  000.027: require('nvim-tree.commands')
016.694  000.024  000.024: require('nvim-tree.legacy')
016.721  004.224  000.336: require('nvim-tree')
017.384  000.243  000.243: require('nvim-web-devicons.icons-default')
017.463  000.389  000.146: require('nvim-web-devicons')
019.828  000.021  000.021: require('notify.util.queue')
019.831  000.052  000.031: require('notify.util')
019.908  000.075  000.075: require('notify.config.highlights')
019.911  000.165  000.038: require('notify.config')
019.993  000.045  000.045: require('notify.stages')
020.043  000.048  000.048: require('notify.service.notification')
020.173  000.029  000.029: require('notify.animate.spring')
020.174  000.078  000.049: require('notify.animate')
020.179  000.134  000.056: require('notify.windows')
020.308  000.047  000.047: require('notify.service.buffer.highlights')
020.312  000.097  000.050: require('notify.service.buffer')
020.314  000.135  000.038: require('notify.service')
020.359  000.044  000.044: require('notify.stages.util')
020.361  000.449  000.043: require('notify.instance')
020.365  000.893  000.279: require('notify')
020.420  000.038  000.038: require('notify.stages.fade_in_slide_out')
020.653  000.057  000.057: sourcing /usr/share/nvim/runtime/plugin/editorconfig.lua
020.784  000.109  000.109: sourcing /usr/share/nvim/runtime/plugin/gzip.vim
020.841  000.036  000.036: sourcing /usr/share/nvim/runtime/plugin/man.lua
021.194  000.140  000.140: sourcing /usr/share/nvim/runtime/pack/dist/opt/matchit/plugin/matchit.vim
021.209  000.344  000.205: sourcing /usr/share/nvim/runtime/plugin/matchit.vim
021.333  000.092  000.092: sourcing /usr/share/nvim/runtime/plugin/matchparen.vim
021.369  000.010  000.010: sourcing /usr/share/nvim/runtime/plugin/netrwPlugin.vim
021.435  000.042  000.042: sourcing /usr/share/nvim/runtime/plugin/osc52.lua
021.562  000.100  000.100: sourcing /usr/share/nvim/runtime/plugin/rplugin.vim
021.643  000.051  000.051: sourcing /usr/share/nvim/runtime/plugin/shada.vim
021.685  000.014  000.014: sourcing /usr/share/nvim/runtime/plugin/spellfile.vim
021.765  000.057  000.057: sourcing /usr/share/nvim/runtime/plugin/tarPlugin.vim
021.840  000.037  000.037: sourcing /usr/share/nvim/runtime/plugin/tohtml.lua
021.879  000.014  000.014: sourcing /usr/share/nvim/runtime/plugin/tutor.vim
021.986  000.086  000.086: sourcing /usr/share/nvim/runtime/plugin/zipPlugin.vim
022.044  019.388  006.252: require('railey.lazy')
022.045  019.887  000.016: sourcing /home/railey/.config/nvim/init.lua
022.050  000.081: sourcing vimrc file(s)
022.255  000.033  000.033: sourcing /usr/share/nvim/runtime/filetype.lua
022.427  000.081  000.081: sourcing /home/railey/.local/share/nvim/lazy/vim-airline/autoload/airline/extensions/tabline/buffers.vim
022.552  000.043  000.043: sourcing /usr/share/nvim/runtime/syntax/synload.vim
022.684  000.247  000.203: sourcing /usr/share/nvim/runtime/syntax/syntax.vim
022.695  000.285: inits 3
024.101  001.405: reading ShaDa
024.441  000.142  000.142: sourcing /home/railey/.local/share/nvim/lazy/vim-airline/autoload/airline/extensions.vim
024.550  000.037  000.037: sourcing /home/railey/.local/share/nvim/lazy/vim-airline/autoload/airline/extensions/quickfix.vim
024.706  000.091  000.091: sourcing /home/railey/.local/share/nvim/lazy/vim-airline/autoload/airline.vim
024.883  000.058  000.058: sourcing /home/railey/.local/share/nvim/lazy/vim-airline/autoload/airline/extensions/term.vim
025.145  000.108  000.108: sourcing /home/railey/.local/share/nvim/lazy/vim-airline/autoload/airline/extensions/branch.vim
025.275  000.027  000.027: sourcing /home/railey/.local/share/nvim/lazy/vim-airline/autoload/airline/extensions/fugitiveline.vim
025.635  000.131  000.131: require('vim.lsp.log')
025.906  000.268  000.268: require('vim.lsp.protocol')
026.508  000.368  000.368: require('vim.highlight')
026.533  000.621  000.253: require('vim.lsp.util')
026.592  000.025  000.025: require('vim.lsp.sync')
026.596  000.061  000.036: require('vim.lsp._changetracking')
026.643  000.046  000.046: require('vim.lsp.rpc')
026.674  001.317  000.191: require('vim.lsp')
026.773  000.040  000.040: sourcing /home/railey/.local/share/nvim/lazy/vim-airline/autoload/airline/extensions/nvimlsp.vim
027.000  000.065  000.065: sourcing /home/railey/.local/share/nvim/lazy/vim-airline/autoload/airline/extensions/whitespace.vim
027.147  000.032  000.032: sourcing /home/railey/.local/share/nvim/lazy/vim-airline/autoload/airline/extensions/po.vim
027.282  000.049  000.049: sourcing /home/railey/.local/share/nvim/lazy/vim-airline/autoload/airline/extensions/wordcount.vim
027.416  000.019  000.019: sourcing /home/railey/.local/share/nvim/lazy/vim-airline/autoload/airline/extensions/xkblayout.vim
027.504  000.015  000.015: sourcing /home/railey/.local/share/nvim/lazy/vim-airline/autoload/airline/extensions/keymap.vim
027.653  000.021  000.021: sourcing /home/railey/.local/share/nvim/lazy/vim-airline/autoload/airline/extensions/searchcount.vim
029.763  000.035  000.035: sourcing /home/railey/.local/share/nvim/lazy/vim-airline/autoload/airline/section.vim
029.971  000.101  000.101: sourcing /home/railey/.local/share/nvim/lazy/vim-airline/autoload/airline/highlighter.vim
032.093  000.031  000.031: sourcing /home/railey/.local/share/nvim/lazy/vim-airline/autoload/airline/themes.vim
032.293  000.310  000.280: sourcing /home/railey/.local/share/nvim/lazy/onehalf/vim/autoload/airline/themes/onehalfdark.vim
034.710  000.219  000.219: sourcing /home/railey/.local/share/nvim/lazy/onehalf/vim/autoload/airline/themes/onehalfdark.vim
046.102  000.073  000.073: sourcing /home/railey/.local/share/nvim/lazy/vim-airline/autoload/airline/builder.vim
046.363  000.041  000.041: sourcing /home/railey/.local/share/nvim/lazy/vim-airline/autoload/airline/extensions/default.vim
061.374  034.473: opening buffers
062.014  000.045  000.045: require('nvim-treesitter.utils')
062.379  000.028  000.028: require('vim.treesitter.language')
062.449  000.067  000.067: require('vim.func')
062.480  000.027  000.027: require('vim.func._memoize')
062.490  000.194  000.071: require('vim.treesitter.query')
062.517  000.026  000.026: require('vim.treesitter._range')
062.528  000.293  000.073: require('vim.treesitter.languagetree')
062.532  000.341  000.047: require('vim.treesitter')
062.849  000.832  000.492: require('nvim-treesitter.parsers')
063.012  000.025  000.025: require('nvim-treesitter.compat')
063.089  000.048  000.048: require('nvim-treesitter.ts_utils')
063.094  000.081  000.033: require('nvim-treesitter.tsrange')
063.121  000.025  000.025: require('nvim-treesitter.caching')
063.127  000.179  000.047: require('nvim-treesitter.query')
063.137  000.246  000.067: require('nvim-treesitter.configs')
063.138  000.288  000.042: require('nvim-treesitter.info')
063.186  000.047  000.047: require('nvim-treesitter.shell_command_selectors')
063.202  001.310  000.098: require('nvim-treesitter.install')
063.230  000.027  000.027: require('nvim-treesitter.statusline')
063.264  000.033  000.033: require('nvim-treesitter.query_predicates')
063.266  001.656  000.286: require('nvim-treesitter')
063.364  000.066  000.066: require('vim.iter')
063.703  002.143  000.421: sourcing /home/railey/.local/share/nvim/lazy/nvim-treesitter/plugin/nvim-treesitter.lua
064.317  000.062  000.062: require('nvim-treesitter.highlight')
064.454  000.110  000.110: require('nvim-treesitter.indent')
064.840  000.107  000.107: sourcing /home/railey/.local/share/nvim/lazy/vim-gitgutter/autoload/gitgutter/utility.vim
065.024  000.066  000.066: sourcing /home/railey/.local/share/nvim/lazy/vim-gitgutter/autoload/gitgutter/highlight.vim
065.457  000.929  000.755: sourcing /home/railey/.local/share/nvim/lazy/vim-gitgutter/plugin/gitgutter.vim
065.716  000.108  000.108: sourcing /home/railey/.local/share/nvim/lazy/SingleCompile/plugin/SingleCompile.vim
066.042  000.084  000.084: sourcing /home/railey/.local/share/nvim/lazy/vim-commentary/plugin/commentary.vim
066.405  000.111  000.111: sourcing /home/railey/.local/share/nvim/lazy/undotree/plugin/undotree.vim
067.019  000.083  000.083: sourcing /home/railey/.local/share/nvim/lazy/vim-visual-multi/autoload/vm/plugs.vim
067.322  000.083  000.083: sourcing /home/railey/.local/share/nvim/lazy/vim-visual-multi/autoload/vm/maps.vim
067.435  000.054  000.054: sourcing /home/railey/.local/share/nvim/lazy/vim-visual-multi/autoload/vm/maps/all.vim
068.241  001.536  001.315: sourcing /home/railey/.local/share/nvim/lazy/vim-visual-multi/plugin/visual-multi.vim
068.424  000.067  000.067: sourcing /home/railey/.local/share/nvim/lazy/vim-gitgutter/autoload/gitgutter.vim
075.586  001.716  001.716: require('vim.filetype')
077.341  001.585  001.585: require('vim.filetype.detect')
085.716  015.891: --- NVIM STARTED ---

